2024-10-12 22:15:08,956 INFO: Loading Whisper model... [in C:\Users\xxxxx\Desktop\hackuta\HackUTA_NurseAI\backend\background_tasks.py:36]
2024-10-12 22:15:09,584 INFO: Whisper model loaded successfully. [in C:\Users\xxxxx\Desktop\hackuta\HackUTA_NurseAI\backend\background_tasks.py:38]
2024-10-12 22:15:12,416 INFO: Loading Whisper model... [in C:\Users\xxxxx\Desktop\hackuta\HackUTA_NurseAI\backend\background_tasks.py:36]
2024-10-12 22:15:13,072 INFO: Whisper model loaded successfully. [in C:\Users\xxxxx\Desktop\hackuta\HackUTA_NurseAI\backend\background_tasks.py:38]
2024-10-12 22:17:22,498 INFO: Loading Whisper model... [in C:\Users\xxxxx\Desktop\hackuta\HackUTA_NurseAI\backend\background_tasks.py:36]
2024-10-12 22:17:23,638 INFO: Whisper model loaded successfully. [in C:\Users\xxxxx\Desktop\hackuta\HackUTA_NurseAI\backend\background_tasks.py:38]
2024-10-12 22:17:32,169 INFO: Loading Whisper model... [in C:\Users\xxxxx\Desktop\hackuta\HackUTA_NurseAI\backend\background_tasks.py:36]
2024-10-12 22:17:32,854 INFO: Whisper model loaded successfully. [in C:\Users\xxxxx\Desktop\hackuta\HackUTA_NurseAI\backend\background_tasks.py:38]
2024-10-12 22:21:41,744 INFO: Enqueued audio processing task with ID 1e1222c9-c367-4cf5-94eb-d52c7facf356 [in C:\Users\xxxxx\Desktop\hackuta\HackUTA_NurseAI\backend\background_tasks.py:146]
2024-10-12 22:21:41,749 INFO: Processing audio for task_id: 1e1222c9-c367-4cf5-94eb-d52c7facf356, user_id: 2 [in C:\Users\xxxxx\Desktop\hackuta\HackUTA_NurseAI\backend\background_tasks.py:72]
2024-10-12 22:21:43,000 INFO: Transcribed Text:  Hello, what medications do I need to take today? [in C:\Users\xxxxx\Desktop\hackuta\HackUTA_NurseAI\backend\background_tasks.py:87]
2024-10-12 22:21:43,001 INFO: Generating AI response... [in C:\Users\xxxxx\Desktop\hackuta\HackUTA_NurseAI\backend\background_tasks.py:105]
2024-10-12 22:21:43,705 INFO: AI Response: Hello Jack! Based on the information provided, the medications you need to take today are Amlodophine and Advil. If you have any more questions or need further assistance, feel free to ask! [in C:\Users\xxxxx\Desktop\hackuta\HackUTA_NurseAI\backend\background_tasks.py:109]
2024-10-12 22:21:43,705 INFO: Converting AI response to audio... [in C:\Users\xxxxx\Desktop\hackuta\HackUTA_NurseAI\backend\background_tasks.py:112]
2024-10-12 22:21:45,276 INFO: AI response audio saved at temp\response_2_1e1222c9-c367-4cf5-94eb-d52c7facf356.mp3 [in C:\Users\xxxxx\Desktop\hackuta\HackUTA_NurseAI\backend\background_tasks.py:118]
2024-10-13 01:32:59,429 INFO: Loading Whisper model... [in C:\Users\xxxxx\Desktop\hackuta\HackUTA_NurseAI\backend\background_tasks.py:36]
2024-10-13 01:33:00,243 INFO: Whisper model loaded successfully. [in C:\Users\xxxxx\Desktop\hackuta\HackUTA_NurseAI\backend\background_tasks.py:38]
2024-10-13 01:33:03,006 INFO: Loading Whisper model... [in C:\Users\xxxxx\Desktop\hackuta\HackUTA_NurseAI\backend\background_tasks.py:36]
2024-10-13 01:33:03,637 INFO: Whisper model loaded successfully. [in C:\Users\xxxxx\Desktop\hackuta\HackUTA_NurseAI\backend\background_tasks.py:38]
2024-10-13 01:36:16,429 INFO: Loading Whisper model... [in C:\Users\xxxxx\Desktop\hackuta\HackUTA_NurseAI\backend\background_tasks.py:36]
2024-10-13 01:36:17,040 INFO: Whisper model loaded successfully. [in C:\Users\xxxxx\Desktop\hackuta\HackUTA_NurseAI\backend\background_tasks.py:38]
2024-10-13 01:36:44,173 INFO: Loading Whisper model... [in C:\Users\xxxxx\Desktop\hackuta\HackUTA_NurseAI\backend\background_tasks.py:36]
2024-10-13 01:36:44,173 INFO: Loading Whisper model... [in C:\Users\xxxxx\Desktop\hackuta\HackUTA_NurseAI\backend\background_tasks.py:36]
2024-10-13 01:36:44,906 INFO: Whisper model loaded successfully. [in C:\Users\xxxxx\Desktop\hackuta\HackUTA_NurseAI\backend\background_tasks.py:38]
2024-10-13 01:36:44,906 INFO: Whisper model loaded successfully. [in C:\Users\xxxxx\Desktop\hackuta\HackUTA_NurseAI\backend\background_tasks.py:38]
2024-10-13 01:36:47,590 INFO: Loading Whisper model... [in C:\Users\xxxxx\Desktop\hackuta\HackUTA_NurseAI\backend\background_tasks.py:36]
2024-10-13 01:36:47,604 INFO: Loading Whisper model... [in C:\Users\xxxxx\Desktop\hackuta\HackUTA_NurseAI\backend\background_tasks.py:36]
2024-10-13 01:36:48,453 INFO: Whisper model loaded successfully. [in C:\Users\xxxxx\Desktop\hackuta\HackUTA_NurseAI\backend\background_tasks.py:38]
2024-10-13 01:36:48,464 INFO: Whisper model loaded successfully. [in C:\Users\xxxxx\Desktop\hackuta\HackUTA_NurseAI\backend\background_tasks.py:38]
2024-10-13 02:54:15,457 INFO: Loading Whisper model... [in C:\Users\xxxxx\Desktop\hackuta\HackUTA_NurseAI\backend\background_tasks.py:36]
2024-10-13 02:54:16,352 INFO: Whisper model loaded successfully. [in C:\Users\xxxxx\Desktop\hackuta\HackUTA_NurseAI\backend\background_tasks.py:38]
2024-10-13 02:54:19,519 INFO: Loading Whisper model... [in C:\Users\xxxxx\Desktop\hackuta\HackUTA_NurseAI\backend\background_tasks.py:36]
2024-10-13 02:54:20,342 INFO: Whisper model loaded successfully. [in C:\Users\xxxxx\Desktop\hackuta\HackUTA_NurseAI\backend\background_tasks.py:38]
2024-10-13 03:41:07,646 INFO: Loading Whisper model... [in C:\Users\xxxxx\Desktop\hackuta\HackUTA_NurseAI\backend\background_tasks.py:36]
2024-10-13 03:41:08,459 INFO: Whisper model loaded successfully. [in C:\Users\xxxxx\Desktop\hackuta\HackUTA_NurseAI\backend\background_tasks.py:38]
2024-10-13 03:41:10,996 INFO: Loading Whisper model... [in C:\Users\xxxxx\Desktop\hackuta\HackUTA_NurseAI\backend\background_tasks.py:36]
2024-10-13 03:41:11,696 INFO: Whisper model loaded successfully. [in C:\Users\xxxxx\Desktop\hackuta\HackUTA_NurseAI\backend\background_tasks.py:38]
2024-10-13 08:29:44,828 INFO: Loading Whisper model... [in C:\Users\xxxxx\Desktop\hackuta\HackUTA_NurseAI\backend\background_tasks.py:36]
2024-10-13 08:29:45,627 INFO: Whisper model loaded successfully. [in C:\Users\xxxxx\Desktop\hackuta\HackUTA_NurseAI\backend\background_tasks.py:38]
2024-10-13 08:29:48,114 INFO: Loading Whisper model... [in C:\Users\xxxxx\Desktop\hackuta\HackUTA_NurseAI\backend\background_tasks.py:36]
2024-10-13 08:29:48,716 INFO: Whisper model loaded successfully. [in C:\Users\xxxxx\Desktop\hackuta\HackUTA_NurseAI\backend\background_tasks.py:38]
2024-10-13 08:47:18,981 INFO: Loading Whisper model... [in C:\Users\xxxxx\Desktop\hackuta\HackUTA_NurseAI\backend\background_tasks.py:36]
2024-10-13 08:47:19,611 INFO: Whisper model loaded successfully. [in C:\Users\xxxxx\Desktop\hackuta\HackUTA_NurseAI\backend\background_tasks.py:38]
2024-10-13 08:51:03,678 INFO: Loading Whisper model... [in C:\Users\xxxxx\Desktop\hackuta\HackUTA_NurseAI\backend\background_tasks.py:36]
2024-10-13 08:51:04,263 INFO: Whisper model loaded successfully. [in C:\Users\xxxxx\Desktop\hackuta\HackUTA_NurseAI\backend\background_tasks.py:38]
2024-10-13 08:51:06,708 INFO: Loading Whisper model... [in C:\Users\xxxxx\Desktop\hackuta\HackUTA_NurseAI\backend\background_tasks.py:36]
2024-10-13 08:51:07,342 INFO: Whisper model loaded successfully. [in C:\Users\xxxxx\Desktop\hackuta\HackUTA_NurseAI\backend\background_tasks.py:38]
2024-10-13 08:52:43,602 INFO: Loading Whisper model... [in C:\Users\xxxxx\Desktop\hackuta\HackUTA_NurseAI\backend\background_tasks.py:36]
2024-10-13 08:52:44,263 INFO: Whisper model loaded successfully. [in C:\Users\xxxxx\Desktop\hackuta\HackUTA_NurseAI\backend\background_tasks.py:38]
2024-10-13 08:52:46,731 INFO: Loading Whisper model... [in C:\Users\xxxxx\Desktop\hackuta\HackUTA_NurseAI\backend\background_tasks.py:36]
2024-10-13 08:52:47,295 INFO: Whisper model loaded successfully. [in C:\Users\xxxxx\Desktop\hackuta\HackUTA_NurseAI\backend\background_tasks.py:38]
